2025-07-30 18:16:00:    ▲ Next.js 15.3.5
2025-07-30 18:16:00:    ▲ Next.js 15.3.5
2025-07-30 18:16:01:    ▲ Next.js 15.3.5
2025-07-30 18:16:01:    ▲ Next.js 15.3.5
2025-07-30 18:16:00:    - Local:        http://localhost:3003
2025-07-30 18:16:00:    - Network:      http://45.32.6.57:3003
2025-07-30 18:16:00: 
2025-07-30 18:16:00:  ✓ Starting...
2025-07-30 18:16:01: [next.config.js] NODE_ENV: production
2025-07-30 18:16:01: [next.config.js] Calculated basePath: /public/maps/ixmaps-new
2025-07-30 18:16:01: [next.config.js] Calculated assetPrefix: /public/maps/ixmaps-new
2025-07-30 18:16:01:    - Local:        http://localhost:3003
2025-07-30 18:16:01:    - Network:      http://45.32.6.57:3003
2025-07-30 18:16:01: 
2025-07-30 18:16:01:  ✓ Starting...
2025-07-30 18:16:01: [next.config.js] NODE_ENV: production
2025-07-30 18:16:01: [next.config.js] Calculated basePath: /public/maps/ixmaps-new
2025-07-30 18:16:01: [next.config.js] Calculated assetPrefix: /public/maps/ixmaps-new
2025-07-30 18:16:00:    - Local:        http://localhost:3003
2025-07-30 18:16:00:    - Network:      http://45.32.6.57:3003
2025-07-30 18:16:00: 
2025-07-30 18:16:00:  ✓ Starting...
2025-07-30 18:16:01: [next.config.js] NODE_ENV: production
2025-07-30 18:16:01:    - Local:        http://localhost:3003
2025-07-30 18:16:01:    - Network:      http://45.32.6.57:3003
2025-07-30 18:16:01: 
2025-07-30 18:16:01:  ✓ Starting...
2025-07-30 18:16:01: [next.config.js] Calculated basePath: /public/maps/ixmaps-new
2025-07-30 18:16:01: [next.config.js] Calculated assetPrefix: /public/maps/ixmaps-new
2025-07-30 18:16:01: [next.config.js] NODE_ENV: production
2025-07-30 18:16:01:  ✓ Ready in 1287ms
2025-07-30 18:16:01:  ✓ Ready in 1496ms
2025-07-30 18:16:01: [next.config.js] Calculated basePath: /public/maps/ixmaps-new
2025-07-30 18:16:01: [next.config.js] Calculated assetPrefix: /public/maps/ixmaps-new
2025-07-30 18:16:01:  ✓ Ready in 1459ms
2025-07-30 18:16:01:  ✓ Ready in 1735ms
2025-07-30 18:32:01:    ▲ Next.js 15.3.5
2025-07-30 18:32:01:    ▲ Next.js 15.3.5
2025-07-30 18:32:01:    ▲ Next.js 15.3.5
2025-07-30 18:32:01:    - Local:        http://localhost:3003
2025-07-30 18:32:01:    - Network:      http://45.32.6.57:3003
2025-07-30 18:32:01: 
2025-07-30 18:32:01:  ✓ Starting...
2025-07-30 18:32:01: [next.config.js] NODE_ENV: production
2025-07-30 18:32:01:    - Local:        http://localhost:3003
2025-07-30 18:32:01:    - Network:      http://45.32.6.57:3003
2025-07-30 18:32:01: 
2025-07-30 18:32:01:  ✓ Starting...
2025-07-30 18:32:01: [next.config.js] NODE_ENV: production
2025-07-30 18:32:01: [next.config.js] Calculated basePath: 
2025-07-30 18:32:01: [next.config.js] Calculated assetPrefix: 
2025-07-30 18:32:01: [next.config.js] Calculated basePath: 
2025-07-30 18:32:01: [next.config.js] Calculated assetPrefix: 
2025-07-30 18:32:01:    ▲ Next.js 15.3.5
2025-07-30 18:32:01:    - Local:        http://localhost:3003
2025-07-30 18:32:01:    - Network:      http://45.32.6.57:3003
2025-07-30 18:32:01: 
2025-07-30 18:32:01:  ✓ Starting...
2025-07-30 18:32:01: [next.config.js] NODE_ENV: production
2025-07-30 18:32:01: [next.config.js] Calculated basePath: 
2025-07-30 18:32:01: [next.config.js] Calculated assetPrefix: 
2025-07-30 18:32:02:  ✓ Ready in 1319ms
2025-07-30 18:32:02:  ✓ Ready in 1427ms
2025-07-30 18:32:01:    - Local:        http://localhost:3003
2025-07-30 18:32:01:    - Network:      http://45.32.6.57:3003
2025-07-30 18:32:01: 
2025-07-30 18:32:01:  ✓ Starting...
2025-07-30 18:32:02: [next.config.js] NODE_ENV: production
2025-07-30 18:32:02: [next.config.js] Calculated basePath: 
2025-07-30 18:32:02: [next.config.js] Calculated assetPrefix: 
2025-07-30 18:32:02:  ✓ Ready in 1090ms
2025-07-30 18:32:02:  ✓ Ready in 1258ms
2025-07-30 18:46:59:    ▲ Next.js 15.3.5
2025-07-30 18:46:59:    ▲ Next.js 15.3.5
2025-07-30 18:46:59:    - Local:        http://localhost:3003
2025-07-30 18:46:59:    - Network:      http://45.32.6.57:3003
2025-07-30 18:46:59: 
2025-07-30 18:46:59:  ✓ Starting...
2025-07-30 18:46:59: [next.config.js] NODE_ENV: production
2025-07-30 18:46:59: [next.config.js] Calculated basePath: 
2025-07-30 18:46:59: [next.config.js] Calculated assetPrefix: 
2025-07-30 18:46:59:    - Local:        http://localhost:3003
2025-07-30 18:46:59:    - Network:      http://45.32.6.57:3003
2025-07-30 18:46:59: 
2025-07-30 18:46:59:  ✓ Starting...
2025-07-30 18:46:59: [next.config.js] NODE_ENV: production
2025-07-30 18:46:59:    ▲ Next.js 15.3.5
2025-07-30 18:46:59:    ▲ Next.js 15.3.5
2025-07-30 18:46:59: [next.config.js] Calculated basePath: 
2025-07-30 18:46:59: [next.config.js] Calculated assetPrefix: 
2025-07-30 18:46:59:    - Local:        http://localhost:3003
2025-07-30 18:46:59:    - Network:      http://45.32.6.57:3003
2025-07-30 18:46:59: 
2025-07-30 18:46:59:  ✓ Starting...
2025-07-30 18:46:59: [next.config.js] NODE_ENV: production
2025-07-30 18:46:59:    - Local:        http://localhost:3003
2025-07-30 18:46:59:    - Network:      http://45.32.6.57:3003
2025-07-30 18:46:59: 
2025-07-30 18:46:59:  ✓ Starting...
2025-07-30 18:46:59: [next.config.js] NODE_ENV: production
2025-07-30 18:46:59: [next.config.js] Calculated basePath: 
2025-07-30 18:46:59: [next.config.js] Calculated assetPrefix: 
2025-07-30 18:46:59: [next.config.js] Calculated basePath: 
2025-07-30 18:46:59: [next.config.js] Calculated assetPrefix: 
2025-07-30 18:46:59:  ✓ Ready in 1353ms
2025-07-30 18:46:59:  ✓ Ready in 1020ms
2025-07-30 18:46:59:  ✓ Ready in 1414ms
2025-07-30 18:46:59:  ✓ Ready in 1066ms
2025-07-30 18:51:33:    ▲ Next.js 15.3.5
2025-07-30 18:51:33:    ▲ Next.js 15.3.5
2025-07-30 18:51:33:    - Local:        http://localhost:3003
2025-07-30 18:51:33:    - Network:      http://45.32.6.57:3003
2025-07-30 18:51:33: 
2025-07-30 18:51:33:  ✓ Starting...
2025-07-30 18:51:33: [next.config.js] NODE_ENV: production
2025-07-30 18:51:33:    ▲ Next.js 15.3.5
2025-07-30 18:51:33:    ▲ Next.js 15.3.5
2025-07-30 18:51:33: [next.config.js] Calculated basePath: 
2025-07-30 18:51:33: [next.config.js] Calculated assetPrefix: 
2025-07-30 18:51:33:    - Local:        http://localhost:3003
2025-07-30 18:51:33:    - Network:      http://45.32.6.57:3003
2025-07-30 18:51:33: 
2025-07-30 18:51:33:  ✓ Starting...
2025-07-30 18:51:33: [next.config.js] NODE_ENV: production
2025-07-30 18:51:33: [next.config.js] Calculated basePath: 
2025-07-30 18:51:33: [next.config.js] Calculated assetPrefix: 
2025-07-30 18:51:33:    - Local:        http://localhost:3003
2025-07-30 18:51:33:    - Network:      http://45.32.6.57:3003
2025-07-30 18:51:33: 
2025-07-30 18:51:33:  ✓ Starting...
2025-07-30 18:51:33: [next.config.js] NODE_ENV: production
2025-07-30 18:51:33:    - Local:        http://localhost:3003
2025-07-30 18:51:33:    - Network:      http://45.32.6.57:3003
2025-07-30 18:51:33: 
2025-07-30 18:51:33:  ✓ Starting...
2025-07-30 18:51:33: [next.config.js] NODE_ENV: production
2025-07-30 18:51:33: [next.config.js] Calculated basePath: 
2025-07-30 18:51:33: [next.config.js] Calculated assetPrefix: 
2025-07-30 18:51:33:  ✓ Ready in 1640ms
2025-07-30 18:51:33: [next.config.js] Calculated basePath: 
2025-07-30 18:51:33: [next.config.js] Calculated assetPrefix: 
2025-07-30 18:51:33:  ✓ Ready in 1538ms
2025-07-30 18:51:34:  ✓ Ready in 1393ms
2025-07-30 18:51:34:  ✓ Ready in 1251ms
2025-07-30 18:54:31:    ▲ Next.js 15.3.5
2025-07-30 18:54:31:    - Local:        http://localhost:3003
2025-07-30 18:54:31:    - Network:      http://45.32.6.57:3003
2025-07-30 18:54:31: 
2025-07-30 18:54:31:  ✓ Starting...
2025-07-30 18:54:31: [next.config.js] NODE_ENV: production
2025-07-30 18:54:31: [next.config.js] Calculated basePath: 
2025-07-30 18:54:31: [next.config.js] Calculated assetPrefix: 
2025-07-30 18:54:32:  ✓ Ready in 1149ms
2025-07-30 19:02:30:    ▲ Next.js 15.3.5
2025-07-30 19:02:30:    - Local:        http://localhost:3003
2025-07-30 19:02:30:    - Network:      http://45.32.6.57:3003
2025-07-30 19:02:30: 
2025-07-30 19:02:30:  ✓ Starting...
2025-07-30 19:02:30: [next.config.js] NODE_ENV: production
2025-07-30 19:02:30: [next.config.js] Calculated basePath: 
2025-07-30 19:02:30: [next.config.js] Calculated assetPrefix: 
2025-07-30 19:02:30:  ✓ Ready in 1070ms
2025-07-30 19:02:55:    ▲ Next.js 15.3.5
2025-07-30 19:02:55:    - Local:        http://localhost:3003
2025-07-30 19:02:55:    - Network:      http://45.32.6.57:3003
2025-07-30 19:02:55: 
2025-07-30 19:02:55:  ✓ Starting...
2025-07-30 19:02:55: [next.config.js] NODE_ENV: production
2025-07-30 19:02:55: [next.config.js] Calculated basePath: 
2025-07-30 19:02:55: [next.config.js] Calculated assetPrefix: 
2025-07-30 19:02:55:  ✓ Ready in 1084ms
2025-07-30 19:03:09:    ▲ Next.js 15.3.5
2025-07-30 19:03:09:    - Local:        http://localhost:3002
2025-07-30 19:03:09:    - Network:      http://45.32.6.57:3002
2025-07-30 19:03:09: 
2025-07-30 19:03:09:  ✓ Starting...
2025-07-30 19:03:09: [next.config.js] NODE_ENV: production
2025-07-30 19:03:09: [next.config.js] Calculated basePath: 
2025-07-30 19:03:09: [next.config.js] Calculated assetPrefix: 
2025-07-30 19:03:09:  ✓ Ready in 1072ms
2025-07-30 19:11:28:    ▲ Next.js 15.3.5
2025-07-30 19:11:28:    - Local:        http://localhost:3002
2025-07-30 19:11:28:    - Network:      http://45.32.6.57:3002
2025-07-30 19:11:28: 
2025-07-30 19:11:28:  ✓ Starting...
2025-07-30 19:11:29: [next.config.js] NODE_ENV: production
2025-07-30 19:11:29: [next.config.js] Calculated basePath: 
2025-07-30 19:11:29: [next.config.js] Calculated assetPrefix: 
2025-07-30 19:11:29:  ✓ Ready in 1263ms
2025-07-30 19:15:54:    ▲ Next.js 15.3.5
2025-07-30 19:15:54:    - Local:        http://localhost:3002
2025-07-30 19:15:54:    - Network:      http://45.32.6.57:3002
2025-07-30 19:15:54: 
2025-07-30 19:15:54:  ✓ Starting...
2025-07-30 19:15:54: [next.config.js] NODE_ENV: production
2025-07-30 19:15:54: [next.config.js] Calculated basePath: 
2025-07-30 19:15:54: [next.config.js] Calculated assetPrefix: 
2025-07-30 19:15:54:  ✓ Ready in 1139ms
